INFO:root:Program started
INFO:App.Class :table MyTable create
DEBUG:App.Class :request add without id = INSERT INTO MyTable (name, age, email) VALUES ( 'qwert' , 1454, 'qweqwr@mail' )
DEBUG:App.Class :request add with id = INSERT INTO MyTable (id, name, age, email) VALUES ( 13, 'Arseny' , 13, 'qweqwr@mail' )
INFO:App.Class :add Person
DEBUG:App.Class :request add with id = INSERT INTO MyTable (id, name, age, email) VALUES ( 13, 'None' , 'None' , 'None' )
ERROR:App.Class :error create: already ID
DEBUG:App.Class :request add with id = INSERT INTO MyTable (id, name, age, email) VALUES ( 'sdgfsdg' , 'None' , 'None' , 'None' )
ERROR:App.Class :error create: InvalidText
DEBUG:App.Class :request add with id = INSERT INTO MyTable (id, name, age, email) VALUES ( 13, 'ssdgsadgsd' , 'None' , 'None' )
ERROR:App.Class :error create: already ID
DEBUG:App.Class :request add without id = INSERT INTO MyTable (name, age, email) VALUES ( 'Arseny' , 1454, '111111@mail' )
DEBUG:App.Class :request add without id = INSERT INTO MyTable (name, age, email) VALUES ( 'Arseny' , 1454, 'aaaaaa@mail' )
DEBUG:App.Class :request get  = age = '1454';
INFO:App.Class :get succesful 
DEBUG:App.Class :request update get  = name = 'Maxim' , age = '666' 
DEBUG:App.Class :request update change  = name = 'Arseny';
INFO:App.Class :update succesful 
INFO:App.Class :table drop 
INFO:root:Done!
